[    0.000000] Linux version 4.15.0-38-generic (buildd@lcy01-amd64-023) (gcc version 7.3.0 (Ubuntu 7.3.0-16ubuntu3)) #41-Ubuntu SMP Wed Oct 10 10:59:38 UTC 2018 (Ubuntu 4.15.0-38.41-generic 4.15.18)
[    0.000000] Command line: BOOT_IMAGE=/boot/vmlinuz-4.15.0-38-generic root=LABEL=cloudimg-rootfs ro console=tty1 console=ttyS0
[    0.000000] KERNEL supported cpus:
[    0.000000]   Intel GenuineIntel
[    0.000000]   AMD AuthenticAMD
[    0.000000]   Centaur CentarHauls
[    .000000] x86fpu: Supporting XSAVE feature 0x001: 'x87 floating point registers'[    0.000000] x86/fpu: Suportig XSAVE eaure 0x002: 'SSEreisters'
[    0.000000] x86/pu: Supporting XSAVE feature 0x004: 'AVX registers'
[    0.00000] x86/fu: xstate_offset2]: 576, xstate_sizes[2]  256
[    0.000000] x6/fpu: Enabled xstate feaures0x7, context size is832 bytes, using 'standard' frmat.
[    0.000000] e820: BIOS-provided physical RAM map
[   0.000000] BIOSe820:[mem 0x0000000000000000-0x000000000009fbff] usble
[   0.000000] BIOS-e820: [mem 0x000000000009fc00-000000000009ffff] resrved
[   0.000000] IOS-e820 [mem 0x0000000000f0000-00000000000ffff] reserved
[    0.000000] BIOS-e820: [mem 0x0000000000100000-0x000000007ffeffff] usable
[    0.000000] BIOS-e820: [mem 0x000000007fff0000-0x000000007fffffff] ACPI  data
[    0.000000] BIOS-e820: [mem 0x00000000fec00000-0x0000000fec00fff] reserved
[    0.000000] BIOS-e820: [mem 0x00000000fee00000-0x00000000fee00fff] reserved
[    0.000000] BIOS-e820: [mem 0x00000000fffc0000-0x00000000ffffffff reserved
[    0.000000] N (Execut Disable) protection ative
[    0.000000] SMBIOS 2.5 reset.
[    0.00000] DI: innotek GmbH VirtualBox/VirualBx, BIOS VirtualBox12/01/2006
[    .000000] Hypervisor detected: KVM
[   0.000000] e820: last_pfn = 0x7ff0 maxarch_pfn = 0x400000000
    0.00000] MTRR: Disabled[    0.000000] x86/PAT: MTRRs isabled,skipping PAT initialzation too.
[    0.00000] CPU MTRRs all blank- virtualized system.
[   0.00000] x86/PAT: Configuration[0-7: WB  WT  UC- C  W  WT  UC- UC  
[    .000000] found SMP MP-table at [mem 00009ff0-0x0009ffff]mappd at [        (ptval)]
[    0.000000] Scanning 1 areas for low memory corruption
[    0.000000] RAMDISK: [mem 0x35ae1000-0x36d67fff]
[    0.000000] ACPI: Early table checksum verification disabled
[    0.000000] ACPI: RSDP 0x00000000000E0000 000024 (v02 VBOX  )
[    0.000000] ACPI: XSDT 0x000000007FFF0030 00003C (v01 VBOX   VBOXXSDT 00000001 ASL  0000001)
[    0.000000] ACPI: FACP 0x000000007FFFF00F0 0000F4 (v04 VBOX   VBOXFACP 00000001 ASL  00000061)
[    0.000000] ACPI: DSDT 0x000000007FFF0470 0021FF (v02 VBOX   VBOXBIOS 00000002 INTL 20100528)
[    0.000000] ACPI: FACS 0x000000007FFF0200 000040
[    0.000000] ACPI: FACS 0x000000007FFF0200 000040
[    0.000000] ACPI: APIC 0x000000007FFF0240 00005C (v02 VBOX   VBOXAPIC 00000001 ASL  00000061)
[    0.000000] ACPI: SSDT 0x000000007FFF02A0 0001CC (v01 VBOX   VBOXCPUT 00000002 INTL 20100528)
[    0.000000] No NUMA configuration found
[    0.000000] Faking a node at [mem 0x0000000000000000-0x000000007ffeffff]
[    0.000000] NODE_DATA(0) allocated [mem 0x7ffc5000-0x7ffeffff]
[    0.000000] kvm-clock: cpu 0, msr 0:7ff44001, primary cpu clock
[    0.000000] kvm-clock: Using msrs 4b564d01 and 4b564d00
[    0.000000] kvm-clock: using sced offset of 4550813486 cycls
[    0.000000] clocksource: kvm-cock:mask: 0xffffffffffffffff max_cycles: 01cd424dffb, max_idlens: 88159059148 ns
[    0.00000] Zone rangs:
[    0.000000]   DMA      mem x000000000001000-0x000000000ffffff]
[    0.00000]   DMA3    [mem 0x000000000100000-0x00000007ffeffff]
[   0.00000]   Noral   empty
[   0.000000]   Device   empty
[   0.000000] Moable zone start fr each node
[    0.000000]Early memor node ranges
[   0.000000]   node   0: [mem 0x0000000000001000-0x0000000000efff]
[    0.000000   nde   0: [mem 0x00000000000000-0x000000007ffeffff]
[    0.00000] Initmem stup node 0 [mem 0x00000000000001000-0x000000007ffeffff]
[    0.000000] Reserved but unavailable: 98 pages
[    0.000000] ACPI: PM-Timer IO Port: 0x4008
[    0.000000] IOAPIC[0]: apic_id 2, version 32, address 0xfec00000, GSI 0-23
[    0.000000] ACPI: INT_SRC_OVR (bus 0 bus_irq 0 global_irq 2 dfl dfl)
[    0.000000] ACPI: INT_SRC_OVR (bus 0 bus_irq 9 global_irq 9 low level)
[    0.000000] Using ACPI (MADT) for SMP configuration information
[    0.000000] smpboot: Allowing 2 CPUs, 0 hotplug CPUs
[    0.000000] PM: Registered nosave memory: [mem 0x00000000-0x00000fff]
[    0.000000] PM: Registered nosave memory: [mem 0x0009f000-0x0009ffff]
[    0.000000] PM: Registered nosave memory: [mem 0x000a0000-0x000effff]
[    0.000000] PM: Registered nosave memory: [mem 0x000f0000-0x000fffff]
[    0.000000] e820: [mem 0x80000000-0xfebfffff] available for PCI devices
[    0.000000] Booting paravirtualized kernel on KVM
[    0.000000] clocksource: refined-jiffies: mask: 0xffffffff max_cycles: 0xffffffff, max_idle_ns: 7645519600211568 ns
[    0.000000] random: get_random_bytes called fromstar_kernel+0x99/0x4d with crng_ini=0
[    0.000000] setup_percpu: NR_CUS:892 nr_pumask_bis:2 nr_cpu_ids:2nr_node_ds:1
[    0.00000] pecpu: Embedded 46 pagescpu @       (ptrval) s151552 r8192d2862 u1048576
[    0.00000] PV spinlock hah table enties: 256 (order: 0, 4096 bytes)
[    0.00000]Built 1 zoneists, mobilty grouping on.  Total pags: 51561
[    0.000000 Polic zone: DMA32[    000000] Kernl comand line: BOOT_IMAGE=/boot/vminuz-4.15.0-38-generc root=LABELcloudimg-rootfs ro console=tty1 console=ttyS0
[    0.000000] Memory: 2015804K/2096696 available (12300K kernel code, 2472K rwdata, 4248K rodata, 2408K init, 2416K bss, 80892K reserved, 0K cma-reserved)
[    0.000000] SLUB: HWalign=64, Order=0-3, MinObjects=0, CPUs=2, Nodes=1
[    0.000000] Kernel/User page tables isolation: enabled
[    0.000000] ftrace: allocating 39175 entries in 154 pages
[    0.004000] Hierarchical RCU implementation.
[    0.004000] 	RCU restricting CPUs from NR_CPUS=8192 to nr_cpu_ids=2.
[    0.004000] 	Tasks RCU enabled.
[    0.004000] RCU: Adjusting geometry for rcu_fanout_leaf=16, nr_cpu_ids=2
[    0.004000] NR_IRQS: 524544, nr_irqs: 440, preallocated irqs: 16
[    0.004000] Console: colour VGA+ 80x25
[    0.004000] console [tty1] enabled
[    0.004000] console [ttyS0] enabled
[    0.004000] ACPI: Core revision 20170831
[    0.004000] ACPI: 2 ACPI AML tables  successfully acquired and loaded
[    0.004000] APIC: Switch to symmetric I/O mode setup
[    0.004000] x2apic enabled
[    0.004000] Switched APIC routing to physical x2apic.
[    0.005178] ..TIMER: vector=0x30 apic1=0 pin1=2 apic2=-1 pin2=-1
[    0.008005] tsc: Detected 1995.381 MHz processor
[    0.009944] Calibrating delay loop (skipped) preset value.. 3990.76 BogoMIPS (lpj=7981524)
[    0.012004] pid_max: default: 32768 minimum: 301
[    0.013412] Security Framework initialized
[    0.016003] Yama: becoming mindful.
[    0.017034] AppArmor: AppArmor initialized
[    0.020000] Dentry cache hash table entries: 26214 (order: 9, 2097152 bytes)
[    0.026170] Inode-cache hash table entries: 131072 (order: 8, 1048576 bytes)
[    0.028034] Mount-cache hash table entries: 4096 (order: 3, 32768 bytes)
[    0.032019] Mountpoint-cache hash table entries: 4096 (order: 3, 32768 bytes)
[    0.036248] mce: CPU supports 0 MCE banks
[    0.040027] Last level iTLB entries: 4KB 1024, 2MB 1024, 4MB 1024
[    0.044009] Last level dTLB entries: 4KB 1024, 2MB 1024, 4MB 1024, 1GB 4
[    0.048008] Spectre V2 : Mitigation: Full generic retpoline
[    0.052007] Spectre V2 : Spectre v2 / SpectreRSB mitigation: Filling RSB on context switch
[    0.056008] Speculative Store Bypass: Vulnerable
[    0.060125] Freeing SMP alternatives memory: 36K
[    0.068000] smpboot: CPU0: Intel(R) Core(TM) i7-4750HQ CPU @ 2.00GHz (family: 0x6, model: 0x46, stepping: 0x1)
[    0.068093] Performance Events: unsupported p6 CPU model 70 no PMU driver, software events only.
[    0.072082] Hierarchical SRCU implementation.
[    0.080413] NMI watchdog: Perf event create on CPU 0 failed with -2
[    0.084008] NMI watchdog: Perf NMI watchdog permanently disabled
[    0.088085] smp: Bringing up secondary CPUs ...
[    0.092122] x86: Booting SMP configuration:
[    0.096010] .... node  #0, CPUs:      #1
[    0.004000] kvm-clock: cpu 1, msr 0:7ff44041, secondary cpu clock
[    0.004000] mce: CPU supports 0 MCE banks
[    0.122246] smp: Brought up 1 node, 2 CPUs
[    0.124011] smpboot: Max logical packages: 1
[    0.128008] smpboot: Total of 2 processors activated (7981.52 BogoMIPS)
[    0.132215] devtmpfs: initialized
[    0.136077] x86/mm: Memory block size: 128MB
[    0.140364] evm: security.selinux
[    0.144006] evm: security.SMACK64
[    0.148003] evm: security.SMACK64EXEC
[    0.152005] evm: security.SMACK64TRANSMUTE
[    0.156006] evm: security.SMACK64MMAP
[    0.157342] evm: security.apparmor
[    0.160004] evm: security.ima
[    0.164007] evm: security.capability
[    0.168109] clocksource: jiffies: mask: 0xffffffff max_cycles: 0xffffffff, max_idle_ns: 7645041785100000 ns
[    0.172018] futex hash table entries: 512 (order: 3, 32768 bytes)
[    0.176083] pinctrl core: initialized pinctrl subsystem
[    0.180173] RTC time: 16:14:48, date: 11/09/18
[    0.184213] NET: Registered protocol family 16
[    0.188088] audit: initializing netlink subsys (disabled)
[    0.192067] audit: type=2000 audit(1541780089.293:1): state=initialized audit_enabled=0 res=1
[    0.208013] cpuidle: using governor ladder
[    0.212013] cpuidle: using governor menu
[    0.216211] ACPI: bus type PCI registered
[    0.220006] acpiphp: ACPI Hot Plug PCI Controller Driver version: 0.5
[    0.224176] PCI: Using configuration type 1 for base access
[    0.232052] HugeTLB registered 2.00 MiB page size, pre-allocated 0 pages
[    0.236180] ACPI: Added _OSI(Module Device)
[    0.237986] ACPI: Added _OSI(Processor Device)
[    0.240024] ACPI: Added _OSI(3.0 _SCP Extensions)
[    0.241889] ACPI: Added _OSI(Processor Aggregator Device)
[    0.244015] ACPI: Added _OSI(Linux-Dell-Video)
[    0.245556] ACPI: Added _OSI(Linux-Lenovo-NV-HDMI-Audio)
[    0.248759] ACPI: Executed 1 blocks of module-level executable AML code
[    0.258950] ACPI: Interpreter enabled
[    0.260025] ACPI: (supports S0 S5)
[    0.261378] ACPI: Using IOAPIC for interrupt routing
[    0.264414] PCI: Using host bridge windows from ACPI; if necessary, use "pci=nocrs" and report a bug
[    0.268362] ACPI: Enabled 2 GPEs in block 00 to 07
[    0.285481] ACPI: PCI Root Bridge [PCI0] (domain 0000 [bus 00-ff])
[    0.288000] acpi PNP0A03:00: _OSC: OS supports [ASPM ClockPM Segments MSI]
[    0.288061] acpi PNP0A03:00: _OSC: not requesting OS control; OS requires [ExtendedConfig ASPM ClockPM MSI]
[    0.292028] acpi PNP0A03:00: fail to add MMCONFIG information, can't access extended PCI configuration space under this bridge.
[    0.300412] PCI host bridge to bus 0000:00
[    0.304010] pci_bus 0000:00: root bus resource [io  0x0000-0x0cf7 window]
[    0.308013] pci_bus 0000:00: root bus resource [io  0x0d00-0xffff window]
[    0.312015] pci_bus 0000:00: root bus resource [mem 0x000a0000-0x000bffff window]
[    0.316010] pci_bus 0000:00: root bus resource [mem 0x80000000-0xfdffffff window]
[    0.320009] pci_bus 0000:00: root bus resource [bus 00-ff]
[    0.330813] pci 0000:00:01.1: legacy IDE quirk: reg 0x10: [io  0x01f0-0x01f7]
[    0.332047] pci 0000:00:01.1: legacy IDE quirk: reg 0x14: [io  0x03f6]
[    0.336010] pci 0000:00:01.1: legacy IDE quirk: reg 0x18: [io  0x0170-0x0177]
[    0.340009] pci 0000:00:01.1: legacy IDE quirk: reg 0x1c: [io  0x0376]
[    0.374759] pci 0000:00:07.0: quirk: [io  0x4000-0x403f] claimed by PIIX4 ACPI
[    0.376033] pci 0000:00:07.0: quirk: [io  0x4100-0x410f] claimed by PIIX4 SMB
[    0.399024] ACPI: PCI Interrupt Link [LNKA] (IRQs 5 9 10 *11)
[    0.400418] ACPI: PCI Interrupt Link [LNKB] (IRQs 5 9 *10 11)
[    0.404215] ACPI: PCI Interrupt Link [LNKC] (IRQs 5 *9 10 11)
[    0.408244] ACPI: PCI Interrupt Link [LNKD] (IRQs 5 9 10 *11)
[    0.412529] SCSI subsystem initialized
[    0.416166] pci 0000:00:02.0: vgaarb: setting as boot VGA device
[    0.420000] pci 0000:00:02.0: vgaarb: VGA device added: decodes=io+mem,owns=io+mem,locks=none
[    0.420015] pci 0000:00:02.0: vgaarb: bridge control possible
[    0.424007] vgaarb: loaded
[    0.428064] ACPI: bus type USB registered
[    0.432059] usbcore: registered new interface driver usbfs
[    0.436034] usbcore: registered new interface driver hub
[    0.440051] usbcore: registered new device driver usb
[    0.444110] EDAC MC: Ver: 3.0.0
[    0.452346] PCI: Using ACPI for IRQ routing
[    0.456470] NetLabel: Initializing
[    0.459624] NetLabel:  domain hash size = 128
[    0.460009] NetLabel:  protocols = UNLABELED CIPSOv4 CALIPSO
[    0.464035] NetLabel:  unlabeled traffic allowed by default
[    0.468097] clocksource: Switched to clocksource kvm-clock
[    0.48676] VFS:Disk quotas duot_.6.0
[   0.589279] VFS: Duot-cache ash tabe enties:512 (order 0,4096 byte)
[    0.795108] AppArmr: AppArmr Filsystem Enabled
[   0.89673] pnp:PnP ACPI int
[   1.01386] pnp: PnP ACPI: found 3 devces

[   1.10884] clockouce acpi_pm: mas: 0xfffff max_ccles: 0xffffff, max_idle_ns: 208570104 ns
[    1.330745] NT: Registered protocol famly 2
[    1.383834] TCP estblished hash able etries: 16384 (order 5, 13107 bytes

[    1.547404] TCP bnd hsh tabl entries: 1384 (orer: 6, 262144 bytes)
[   1.6777] TC: Hash able configurd (estblished 6384 bin 16384)
[    1.941972] UDP hash table entries: 024 order: 3,32768 bytes)
[    2.057740] UDP-Lite has table entrie: 104 (order:3, 3278 byes)
[    2206683]NET:Registred protcol famil 1
    2.35119] ci 0000:00:00.0: Limiting direct PCI/PCI transfers
[    2.428494] pci 0000:00:01.0: Activating ISA DMA hang workarounds
[    2.430819] pci 0000:00:02.0: Video device with shadowed ROM at [mem 0x000c0000-0x000dffff]
[    2.434462] Unpacking initramfs...

[    2.736893] Freeing initrd memory: 18972K
[    2.765209] platform rtc_cmos: registered platform RTC device (no PNP device found)
[    2.829566] Scanning for low memory corruption every 60 seconds
[    2.874185] Initialise system trusted keyrings
[    2.892737] Key type blacklist registered
[    2.912657] workingset: timestamp_bits=36 max_order=19 bucket_order=0
[    2.935631] zbud: loaded
[    2.944913] squashfs: version 4.0 (2009/01/31) Phillip Lougher
[    2.977387] fuse init (API version 7.26)
[    3.001330] Key type asymmetric registered
[    3.020756] Asymmetric key parser 'x509' registered
[    3.044915] Block layer SCSI generic (bsg) driver version 0.4 loaded (major 246)
[    3.084735] io scheduler noop registered
[    3.104105] io scheduler deadline registered
[    3.116716] io scheduler cfq registered (default)
[    3.145708] ACPI: AC Adapter [AC] (on-line)
[    3.168676] input: Power Button as /devices/LNXSYSTM:00/LNXPWRBN:00/input/input0
[    3.196992] ACPI: Power Button [PWRF]
[    3.206619] input: Sleep Button as /devices/LNXSYSTM:00/LNXSLPBN:00/input/input1
[    3.272504] ACPI: Sleep Button [SLPF]
[    3.299455] ACPI: Battery Slot [BAT0] (battery present)
[    3.30538] Seial: 8250/1650 driver 32 ports IRQsharng enabled

[    3.331333] 00:02: ttyS0 at I/O 0x3f8 (irq = 4, base_baud = 115200) is a 16550A
[    3.503836] Linux agpgart interface v0.103
[    3.540785] loop: module loaded
[    3.543174] scsi host0: ata_piix
[    3.544854] scsi host1: ata_piix
[    3.548841] ata1: PATA max UDMA/33 cmd 0x1f0 ctl 0x3f6 bmdma 0xd000 irq 14
[    3.554707] ata2: PATA max UDMA/33 cmd 0x170 ctl 0x376 bmdma 0xd008 irq 15
[    3.557284] libphy: Fixed MDIO Bus: probed
[    3.558984] tun: Universal TUN/TAP device driver, 1.6
[    3.560673] PPP generic driver version 2.4.2
[    3.562243] ehci_hcd: USB 2.0 'Enhanced' Host Controller (EHCI) Driver
[    3.564461] ehci-pci: EHCI PCI platform driver
[    3.566067] ehci-platform: EHCI generic platform driver
[    3.567704] ohci_hcd: USB 1.1 'Open' Host Controller (OHCI) Driver
[    3.569619] ohci-pci: OHCI PCI platform driver
[    3.571155] ohci-platform: OHCI generic platform driver
[    3.574312] uhci_hcd: USB Universal Host Controller Interface driver
[    3.576825] i8042: PNP: PS/2 Controller [PNP0303:PS2K,PNP0f03:PS2M] at 0x60,0x64 irq 1,12
[    3.583435] serio: i8042 KBD port at 0x60,0x64 irq 1
[    3.585166] serio: i8042 AUX port at 0x60,0x64 irq 12
[    3.586932] mousedev: PS/2 mouse device common for all mice
[    3.589890] input: AT Translated Set 2 keyboard as /devices/platform/i8042/serio0/input/input2
[    3.594056] rtc_cmos rtc_cmos: rtc core: registered rtc_cmos as rtc0
[    3.596761] rtc_cmos rtc_cmos: alarms up to one day, 114 bytes nvram
[    3.598961] i2c /dev entries driver
[    3.600335] pcie_mp2_amd: AMD(R) PCI-E MP2 Communication Driver Version: 1.0
[    3.602762] device-mapper: uevent: version 1.0.3
[    3.604217] device-mapper: ioctl: 4.37.0-ioctl (2017-09-20) initialised: dm-devel@redhat.com
[    3.619517] ledtrig-cpu: registered to indicate activity on CPUs
[    3.638114] NET: Registered protocol family 10
[    3.657876] Segment Routing with IPv6
[    3.664620] NET: Registered protocol family 17
[    3.688552] Key type dns_resolver registered
[    3.705373] RAS: Correctable Errors collector initialized.
[    3.710691] sched_clock: Marking stable (3710662782, 0)->(9213650472, -5502987690)
[    3.730237] registered taskstats version 1
[    3.749118] Loading compiled-in X.509 certificates
[    3.772580] tsc: Refined TSC clocksource calibration: 1994.682 MHz
[    3.817833] clocksource: tsc: mask: 0xffffffffffffffff max_cycles: 0x39811d8905c, max_idle_ns: 881590599473 ns
[    3.820339] Loaded X.509 cert 'Build time autogenerated kernel key: f3a9ae7fdf18cf897e7c53db8499a9c1252f0be9'
[    3.820365] zswap: loaded using pool lzo/zbud
[    3.918330] Key type big_key registered
[    3.936676] Key type trusted registered
[    3.951331] Key type encrypted registered
[    3.962755] AppArmor: AppArmor sha1 policy hashing enabled
[    3.991102] ima: No TPM chip found, activating TPM-bypass! (rc=-19)
[    3.995499] ima: Allocated hash algorithm: sha1
[    4.003892] evm: HMAC attrs: 0x1
[    4.007785]   Magic number: 10:571:236
[    4.013505] rtc_cmos rtc_cmos: hash matches
[    4.023649] rtc_cmos rtc_cmos: setting system clock to 2018-11-09 16:14:52 UTC (1541780092)
[    4.062558] BIOS EDD facility v0.16 2004-Jun-25, 0 devices found
[    4.084216] EDD information not available.
[    4.107695] Freeing unused kernel memory: 2408K
[    4.128287] Write protecting the kernel read-only data: 20480k
[    4.143717] Freeing unused kernel memory: 2008K
[    4.209304] Freeing unused kernel memory: 1896K
[    4.247083] x86/mm: Checked W+X mappings: passed, no W+X pages found.
[    4.308272] x86/mm: Checking user space page tables
[    4.317835] x86/mm: Checked W+X mappings: passed, no W+X pages found.
Loading, please wait...
starting version 237
[    4.420553] e1000: Intel(R) PRO/1000 Network Driver - version 7.3.21-k8-NAPI
[    4.440884] e1000: Copyright (c) 1999-2006 Intel Corporation.
[    4.468925] Fusion MPT base driver 3.04.20
[    4.488917] Copyright (c) 1999-2008 LSI Corporation
[    4.516308] AVX2 version of gcm_enc/dec engaged.
[    4.524605] AES CTR mode by8 optimization enabled
[    4.546775] Fusion MPT SPI Host driver 3.04.20
[    4.669669] input: ImExPS/2 Generic Explorer Mouse as /devices/platform/i8042/serio1/input/input4
[    4.988548] e1000 0000:00:03.0 eth0: (PCI:33MHz:32-bit) 02:37:44:80:7e:2c
[    5.012515] e1000 0000:00:03.0 eth0: Intel(R) PRO/1000 Network Connection
[    5.046607] mptbase: ioc0: Initiating bringup
[    5.165561] ioc0: LSI53C1030 A0: Capabilities={Initiator}
[    5.416610] scsi host2: ioc0: LSI53C1030 A0, FwRev=00000000h, Ports=1, MaxQ=256, IRQ=20
[    5.601584] scsi 2:0:0:0: Direct-Access     VBOX     HARDDISK         1.0  PQ: 0 ANSI: 5
[    6.056133] scsi target2:0:0: Beginning Domain Validation
[    6.083937] scsi target2:0:0: Domain Validation skipping write tests
[    6.105413] scsi target2:0:0: Ending Domain Validation
[    6.111146] scsi target2:0:0: asynchronous
[    6.111605] e1000 0000:00:08.0 eth1: (PCI:33MHz:32-bit) 08:00:27:0c:51:f1
[    6.111611] e1000 0000:00:08.0 eth1: Intel(R) PRO/1000 Network Connection
[    6.150287] e1000 0000:00:03.0 enp0s3: renamed from eth0
[    6.169874] scsi 2:0:1:0: Direct-Access     VBOX     HARDDISK         1.0  PQ: 0 ANSI: 5
[    6.200963] e1000 0000:00:08.0 enp0s8: renamed from eth1
[    6.260285] scsi target2:0:1: Beginning Domain Validation
[    6.279312] random: fast init done
[    6.306316] scsi target2:0:1: Domain Validation skipping write tests
[    6.987306] scsi target2:0:1: Ending Domain Validation
[    6.989249] scsi target2:0:1: asynchronous
[    6.999341] random: systemd-udevd: uninitialized urandom read (16 bytes read)
[    6.999417] sd 2:0:0:0: Attached scsi generic sg0 type 0
[    6.999659] sd 2:0:0:0: [sda] 20971520 512-byte logical blocks: (10.7 GB/10.0 GiB)
[    6.999769] sd 2:0:0:0: [sda] Write Protect is off
[    6.999944] sd 2:0:0:0: [sda] Incomplete mode parameter data
[    6.999945] sd 2:0:0:0: [sda] Assuming drive cache: write through
[    6.999981] sd 2:0:1:0: Attached scsi generic sg1 type 0
[    7.000715] sd 2:0:1:0: [sdb] 20480 512-byte logical blocks: (10.5 MB/10.0 MiB)
[    7.000887] sd 2:0:1:0: [sdb] Write Protect is off
[    7.001078] sd 2:0:1:0: [sdb] Incomplete mode parameter data
[    7.001080] sd 2:0:1:0: [sdb] Assuming drive cache: write through
[    7.001589]  sda: sda1
[    7.002782] sd 2:0:0:0: [sda] Attached SCSI disk
[    7.004415] sd 2:0:1:0: [sdb] Attached SCSI disk
[    7.030866] random: systemd-udevd: uninitialized urandom read (16 bytes read)
[    7.052428] random: systemd-udevd: uninitialized urandom read (16 bytes read)
Begin: Loading essential drivers ... [    8.592242] raid6: sse2x1   gen()  9584 MB/s
[    8.656260] raid6: sse2x1   xor()  6534 MB/s
[    8.724051] raid6: sse2x2   gen() 11002 MB/s
[    8.796344] raid6: sse2x2   xor()  7264 MB/s
[    8.868583] raid6: sse2x4   gen() 13422 MB/s
[    8.928279] raid6: sse2x4   xor()  7992 MB/s
[    8.996041] raid6: avx2x1   gen() 17691 MB/s
[    9.064231] raid6: avx2x1   xor() 12404 MB/s
[    9.136070] raid6: avx2x2   gen() 21564 MB/s
[    9.208184] raid6: avx2x2   xor() 12814 MB/s
[    9.256215] raid6: avx2x4   gen()  7702 MB/s
[    9.356131] raid6: avx2x4   xor()  2521 MB/s
[    9.425462] raid6: using algorithm avx2x2 gen() 21564 MB/s
[    9.453307] raid6: .... xor() 12814 MB/s, rmw enabled
[    9.458805] raid6: using avx2x2 recovery algorithm
[    9.470591] xor: automatically using best checksumming function   avx       
[    9.478333] async_tx: api initialized (async)
done.
Begin: Running /scripts/init-premount ... done.
Begin: Mounting root file system ... Begin: Running /scripts/local-top ... done.
Begin: Running /scripts/local-premount ... [    9.573494] Btrfs loaded, crc32c=crc32c-intel
Scanning for Btrfs filesystems
done.
Warning: fsck not present, so sk[    9.639987] EXT4-fs (sda1): mounted filesystem with ordered data mode. Opts: (null)
ipping root file system
done.
Begin: Running /scripts/local-bottom ... done.
Begin: Running /scripts/init-bottom ... done.
[    9.943517] ip_tables: (C) 2000-2006 Netfilter Core Team
[    9.958343] systemd[1]: systemd 237 running in system mode. (+PAM +AUDIT +SELINUX +IMA +APPARMOR +SMACK +SYSVINIT +UTMP +LIBCRYPTSETUP +GCRYPT +GNUTLS +ACL +XZ +LZ4 +SECCOMP +BLKID +ELFUTILS +KMOD -IDN2 +IDN -PCRE2 default-hierarchy=hybrid)
[   11.662112] systemd[1]: Detected virtualization oracle.
[   11.664370] systemd[1]: Detected architecture x86-64.

Welcome to [1mUbuntu 18.04.1 LTS[0m!

[   11.677533] systemd[1]: Set hostname to <ubuntu>.
[   11.683720] systemd[1]: Initializing machine ID from random generator.
[   11.686878] systemd[1]: Installed transient /etc/machine-id file.
[   12.165159] systemd[1]: Reached target User and Group Name Lookups.
[[0;32m  OK  [0m] Reached target User and Group Name Lookups.
[   12.587756] systemd[1]: Started Forward Password Requests to Wall Directory Watch.
[[0;32m  OK  [0m] Started Forward Password Requests to Wall Directory Watch.
[   13.629104] systemd[1]: Set up automount Arbitrary Executable File Formats File System Automount Point.
[[0;32m  OK  [0m] Set up automount Arbitrary Executab…rmats File System Automount Point.
[   13.922232] systemd[1]: Reached target System Time Synchronized.
[[0;32m  OK  [0m] Reached target System Time Synchronized.
[[0;32m  OK  [0m] Created slice System Slice.
[[0;32m  OK  [0m] Listening on /dev/initctl Compatibility Named Pipe.
[[0;32m  OK  [0m] Created slice system-serial\x2dgetty.slice.
[[0;32m  OK  [0m] Listening on udev Kernel Socket.
[[0;32m  OK  [0m] Listening on Journal Audit Socket.
[[0;32m  OK  [0m] Listening on udev Control Socket.
[[0;32m  OK  [0m] Listening on Network Service Netlink Socket.
[[0;32m  OK  [0m] Listening on Journal Socket (/dev/log).
[[0;32m  OK  [0m] Listening on LVM2 poll daemon socket.
[[0;32m  OK  [0m] Listening on Device-mapper event daemon FIFOs.
[[0;32m  OK  [0m] Created slice User and Session Slice.
[[0;32m  OK  [0m] Reached target Slices.
[[0;32m  OK  [0m] Listening on Journal Socket.
         Starting udev Coldplug all Devices...
         Starting Uncomplicated firewall...
         Starting Load Kernel Modules...
         Mounting Kernel Debug File System...
         Starting Remount Root and Kernel File Systems...
         Mounting POSIX Message Queue File System...
         Mounting Huge Pa[   14.005436] Loading iSCSI transport class v2.0-870.
ges File System...
         Starting Set the console keyboard layout...
[[0;32m  OK  [0[   14.060085] iscsi: registered transport (tcp)
m] Listening on Syslog Socket.
         Starting Journal Service...
[[0;32m  OK  [0m] Listening on LVM2 metadata daemon socket.
[   14.136392] iscsi: registered transport (iser)
         Starting Monitoring of LVM2 mirrors…ng dmeventd or progress polling...
         Starting Create list of required st…ce nodes for the current kernel...
[[0;32m  OK  [0m] Reached target Swap.
[[0;32m  OK  [0m] Started Journal Service.
[[0;32m  OK  [0m] Started Uncomplicated firewall.
[   14.247441] EXT4-fs (sda1): re-mounted. Opts: (null)
[[0;32m  OK  [0m] Started Load Kernel Modules.
[[0;32m  OK  [0m] Mounted Kernel Debug File System.
[[0;32m  OK  [0m] Started Remount Root and Kernel File Systems.
[[0;32m  OK  [0m] Mounted POSIX Message Queue File System.
[[0;32m  OK  [0m] Mounted Huge Pages File System.
[[0;32m  OK  [0m] Started Create list of required sta…vice nodes for the current kernel.
[[0;32m  OK  [0m] Started udev Coldplug all Devices.
[[0;32m  OK  [0m] Started LVM2 metadata daemon.
         Starting Create Static Device Nodes in /dev...
         Starting Load/Save Random Seed...
         Starting Initial cloud-init job (pre-networking)...
         Mounting Kernel Configuration File System...
         Starting Apply Kernel Variables...
         Mounting FUSE Control File System...
         Starting Flush Journal to Persistent Storage...
[[0;32m  OK  [0m] Started Set the console keyboard layout.
[[0;32m  OK  [0m] Started Monitoring of LVM2 mirrors,…sing dmeventd or progress polling.
[[0;32m  OK  [0m] Started Create Static Device Nodes in /dev.
[[0;32m  OK  [0m] Mounted Kernel Configuration File System.
[[0;32m  OK  [0m] Mounted FUSE Control File System.
         Starting udev Kernel Device Manager...
[[0;32m  OK  [0m] Reached target Local File Systems (Pre).
[[0;32m  OK  [0m] Reached target Local File Systems.
         Starting ebtables ruleset management...
         Starting Set console font and keymap...
         Starting Commit a transient machine-id on disk...
         Starting Tell Plymouth To Write Out Runtime Data...
         Starting AppArmor initialization...
[[0;32m  OK  [0m] Started udev Kernel Device Manager.
[[0;32m  OK  [0m] Started Load/Save Random Seed.
[[0;32m  OK  [0m] Started Dispatch Password Requests to Console Directory Watch.
[[0;32m  OK  [0m] Reached target Local Encrypted Volumes.
[[0;32m  OK  [0m] Started Apply Kernel Variables.
[[0;32m  OK  [0m] Started Set console font and keymap.
[[0;32m  OK  [0m] Started Tell Plymouth To Write Out Runtime Data.
[[0;32m  OK  [0m] Started ebtables ruleset management.
[[0;32m  OK  [0m] Started Commit a transient machine-id on disk.
[[0;32m  OK  [0m] Found device /dev/ttyS0.
[[0;32m  OK  [0m] Listening on Load/Save RF Kill Switch Status /dev/rfkill Watch.
[[0;32m  OK  [0m] Started Flush Journal to Persistent Storage.
         Starting Create Volatile Files and Directories...
[[0;32m  OK  [0m] Started Create Volatile Files and Directories.
         Starting Update UTMP about System Boot/Shutdown...
[[0;32m  OK  [0m] Started Update UTMP about System Boot/Shutdown.
[[0;32m  OK  [0m] Started AppArmor initialization.
[   16.988779] cloud-init[417]: Cloud-init v. 18.4-0ubuntu1~18.04.1 running 'init-local' at Fri, 09 Nov 2018 16:15:05 +0000. Up 16.61 seconds.
[[0;32m  OK  [0m] Started Initial cloud-init job (pre-networking).
[[0;32m  OK  [0m] Reached target Network (Pre).
         Starting Network Service...
[[0;32m  OK  [0m] Started Network Service.
         Starting Network Name Resolution...
         Starting Wait for Network to be Configured...
[[0;32m  OK  [0m] Started Network Name Resolution.
[[0;32m  OK  [0m] Reached target Network.
[[0;32m  OK  [0m] Reached target Host and Network Name Lookups.
[[0;32m  OK  [0m] Started Wait for Network to be Configured.
         Starting Initial cloud-init job (metadata service crawler)...
[   20.361185] cloud-init[641]: Cloud-init v. 18.4-0ubuntu1~18.04.1 running 'init' at Fri, 09 Nov 2018 16:15:07 +0000. Up 19.42 seconds.
[[0;32m  OK  [0m] Started Initial cloud-init job (metadata service crawler).
[   20.441689] [[0;32m  OK  [0m] Reached target Network is Online.
cloud-init[641]: ci-info: ++++++++++++++++++++++++++++++++++++++Net device info+++++++++++++++++++++++++++++++++++++++
         Starting Availability of block devices...
[[0;32m  OK  [0m] Reached target Remote File Systems (Pre).
[[0;32m  OK  [0m] Reached target Remote File Systems.
[[0;32m  OK  [0m] Reached target Cloud-config availability.
[[0;32m  OK  [0m] Reached target System Initialization.
[[0;32m  OK  [0m] Listening on ACPID Listen Socket.
[[0;32m  OK  [0m] Listening on D-Bus System Message Bus Socket.
[   20.519177] cloud-init[641]: ci-info: +--------+-------+----------------------------+---------------+--------+-------------------+
[[0;32m  OK  [0m] Listening on UUID daemon activation socket.
[   20.675807] cloud-init[641]: ci-info: | Device |   Up  |          Address           |      Mask     | Scope  |     Hw-Address    |
[   20.687492] cloud-init[641]: ci-info: +--------+-------+----------------------------+---------------+--------+-------------------+
[[0;32m  OK  [0m] Started ACPI Events Check.
[[0;32m  OK  [0m] Reached target Paths.
[   20.700112] cloud-init[641]: ci-info: | enp0s3 |  True |         10.0.2.15          | 255.255.255.0 | global | 02:37:44:80:7e:2c |
[   20.709507] cloud-init[641]: ci-info: | enp0s3 |  True | fe80::37:44ff:fe80:7e2c/64 |       .       |  link  | 02:37:44:80:7e:2c |
[[0;32m  OK  [0m] Started Daily Cleanup of Temporary Directories.
[[0;32m  OK  [0m] Started Daily apt download activities.
[   20.717718] cloud-init[[0;32m  OK  [0m] Started Daily apt upgrade and clean activities.
         Starting Socket activation for snappy daemon.
[[0;32m  OK  [0m] Listening on Open-iSCSI iscsid Socket.
[641]: ci-info: | enp0s8 | False |             .              |       .       |   .    | 08:00:27:0c:51:f1 |
         [   20.764777] cloud-init[641]: ci-info: |   lo   |  True |         127.0.0.1          |   255.0.0.0   |  host  |         .         |
[   20.765555] cloud-init[641]: ci-info: |   lo   |  True |          ::1/128           |       .       |  host  |         .         |
Starting LXD - unix socket.
[   20.766481] cloud-init[641]: ci-info: +--------+-------+----------------------------+---------------+--------+-------------------+
[[   20.834828] cloud-init[641]: ci-info: ++++++++++++++++++++++++++++Route IPv4 info+++++++++++++++++++++++++++++
[0;32m  OK  [0m] Started Discard unused blocks once a week.
[   20.835227] cloud-init[641]: ci-info: +-------+-------------+----------+-----------------+-----------+-------+
[[   20.896755] cloud-init[641]: ci-info: | Route | Destination | Gateway  |     Genmask     | Interface | Flags |
[0;32m  OK  [0m] Started Message of the Day.
[   20.897124] cloud-init[641]: ci-info: +-------+-------------+----------+-----------------+-----------+-------+
[[   20.956589] cloud-init[641]: ci-info: |   0   |   0.0.0.0   | 10.0.2.2 |     0.0.0.0     |   enp0s3  |   UG  |
[   20.957192] cloud-init[641]: ci-info: |   1   |   10.0.2.0  | 0.0.0.0  |  255.255.255.0  |   enp0s3  |   U   |
[   20.959552] cloud-init[0;32m  OK  [0m] Reached target Timers.
[641]: ci-info: |   2   |   10.0.2.2  | 0.0.0.0  | 255.255.255.255 |   enp0s3  |   UH  |
[[0;32m  OK  [0m] Started Availability of block devices.[   21.004559] cloud-init[641]: ci-info: +-------+-------------+----------+-----------------+-----------+-------+
[   21.004696] cloud-init[641]: ci-info: +++++++++++++++++++Route IPv6 info+++++++++++++++++++
[   21.005691] cloud-init[641]: ci-info: +-------+-------------+---------+-----------+-------+
[   21.006124] cloud-init[641]: ci-info: | Route | Destination | Gateway | Interface | Flags |
[   21.006236] cloud-init[641]: ci-info: +-------+-------------+---------+-----------+-------+
[   21.006722] cloud-init[641]: ci-info: |   1   |  fe80::/64  |    ::   |   enp0s3  |   U   |
[   21.006820] cloud-init[641]: ci-info: |   3   |    local    |    ::   |   enp0s3  |   U   |
[   21.006888] cloud-init[641]: ci-info: |   4   |   ff00::/8  |    ::   |   enp0s3  |   U   |
[   21.006943] cloud-init[641]: ci-info: +-------+-------------+---------+-----------+-------+
[   21.006979] cloud-init[641]: Generating public/private rsa key pair.
[   21.007036] cloud-init[641]: Your identification has been saved in /etc/ssh/ssh_host_rsa_key.
[   21.007084] cloud-init[641]: Your public key has been saved in /etc/ssh/ssh_host_rsa_key.pub.
[   21.007140] cloud-init[641]: The key fingerprint is:
[   21.007187] cloud-init[641]: SHA256:W3qMEu5TNloa9QIdG0Oh7C3K07GQew8KCiyqX/4QUJE root@ubuntu-bionic
[   21.007225] cloud-init[641]: The key's randomart image is:
[   21.007261] cloud-init[641]: +---[RSA 2048]----+
[   21.007297] cloud-init[641]: |    oo .o.       |
[   21.007329] cloud-init[641]: |   .E. .+        |
[   21.007369] cloud-init[641]: |  .   o. =       |
[   21.007405] cloud-init[641]: |   . o..+        |
[   21.007440] cloud-init[641]: |    + =oS..      |
[   21.007473] cloud-init[641]: |.  . B.=**.      |
[   21.007513] cloud-init[641]: |o.. B BB+oo      |
[   21.007547] cloud-init[641]: |+. + *++ .       |
[   21.007580] cloud-init[641]: |=.. o.o..        |
[   21.007616] cloud-init[641]: +----[SHA256]-----+
[   21.007649] cloud-init[641]: Generating public/private dsa key pair.
[   21.007684] cloud-init[641]: Your identification has been saved in /etc/ssh/ssh_host_dsa_key.
[   21.007716] cloud-init[641]: Your public key has been saved in /etc/ssh/ssh_host_dsa_key.pub.
[   21.007748] cloud-init[641]: The key fingerprint is:
[   21.007779] cloud-init[641]: SHA256:D/jPDoOMi7um7+zinEJLXCi0Ar1lEMkKbi3wXTe5vfs root@ubuntu-bionic
[   21.007814] cloud-init[641]: The key's randomart image is:
[   21.007847] cloud-init[641]: +---[DSA 1024]----+
[   21.007878] cloud-init[641]: | oo+     .       |
[   21.007914] cloud-init[641]: |+.+ o . +        |
[   21.007949] cloud-init[641]: |*o+= . . +       |
[   21.007982] cloud-init[641]: |+*oo.  .. .      |
[   21.008022] cloud-init[641]: |= o   . S  .     |
[   21.008061] cloud-init[641]: | +   o o o.      |
[   21.008097] cloud-init[641]: |o . . o + ..     |
[   21.008132] cloud-init[641]: |+oo. .   =.      |
[   21.008168] cloud-init[641]: |+@Oo.    .+.E    |
[   21.008205] cloud-init[641]: +----[SHA256]-----+
[   21.008238] cloud-init[641]: Generating public/private ecdsa key pair.
[   21.008273] cloud-init[641]: Your identification has been saved in /etc/ssh/ssh_host_ecdsa_key.
[   21.008543] cloud-init[641]: Your public key has been saved in /etc/ssh/ssh_host_ecdsa_key.pub.
[   21.008594] cloud-init[641]: The key fingerprint is:
[   21.008630] cloud-init[641]: SHA256:8uNC1fq09bJT41AQlITxdsxDoYNSXUsQ5Q1JezfoLV4 root@ubuntu-bionic
[   21.008662] cloud-init[641]: The key's randomart image is:
[   21.008694] cloud-init[641]: +---[ECDSA 256]---+
[   21.008730] cloud-init[641]: |          o**OOo |
[   21.008768] cloud-init[641]: |         ..o+Bo= |
[   21.008802] cloud-init[641]: |        ... =oO.+|
[   21.008834] cloud-init[641]: |        .....oooo|
[   21.008870] cloud-init[641]: |      ..S.   + E |
[   21.008903] cloud-init[641]: |      .o. . + =  |
[   21.008938] cloud-init[641]: |     .  oo o * . |
[   21.008972] cloud-init[641]: |      .. .o o o  |
[   21.009004] cloud-init[641]: |       ..   .+   |
[   21.009040] cloud-init[641]: +----[SHA256]-----+
[   21.009073] cloud-init[641]: Generating public/private ed25519 key pair.
[   21.179485] cloud-init[641]: Your identification has been saved in /etc/ssh/ssh_host_ed25519_key.
[   21.179648] cloud-init[641]: Your public key has been saved in /etc/ssh/ssh_host_ed25519_key.pub.
[   21.181236] cloud-init[641]: The key fingerprint is:
[   21.182346] cloud-init[641]: SHA256:xQayQ6Ee1AEgUJAf/+G6aiRMA9a+pkyXJlXWChlIxHI root@ubuntu-bionic
[   21.182706] cloud-init[641]: The key's randomart image is:

[   21.183144] cloud-init[641]: +--[ED25519 256]--+
[[   21.242826] cloud-init[641]: |O*=o=o*o.        |
[0;32m  OK  [0m] Listening on Socket activation for snappy daemon.
[   21.243301] cloud-init[641]: |+=E= =.+ o       |
[   21.257278] cloud-init[641]: |+o.o* +   +      |
[   21.257452] cloud-init[641]: | o.+.o.. o       |
[[0;32m  OK  [0m] Listening on LXD - unix socket.
[   21.258517] cloud-init[641]: |o o +o .S        |
[[0;32m  OK  [0m[   21.268910] cloud-init[641]: |.+.*  o          |
[   21.269817] cloud-init[641]: |oo*  .           |
[   21.270669] cloud-init[641]: | o. .            |
[   21.271580] cloud-init[641]: | .....           |
[   21.273415] cloud-init[641]: +----[SHA256]-----+
] Reached target Sockets.
[[0;32m  OK  [0m] Reached target Basic System.
         Starting LSB: automatic crash report generation...
         Starting LSB: Record successful boot for GRUB...
[[0;32m  OK  [0m] Started Deferred execution scheduler.
[[0;32m  OK  [0m] Started irqbalance daemon.
[[0;32m  OK  [0m] Started FUSE filesystem for LXC.
         Starting System Logging Service...
         Starting Accounts Service...
         Starting Virtualbox guest utils...
         Starting Snappy daemon...
[[0;32m  OK  [0m] Started Regular background program processing daemon.
         Starting Permit User Sessions...
         Starting LXD - container startup/shutdown...
[[0;32m  OK  [0m] Started Unattended Upgrades Shutdown.
         Starting Dispatcher daemon for systemd-networkd...
[[0;32m  OK  [0m] Started D-Bus System Message Bus.
         Starting Pollinate to seed the pseudo random number generator...
         Starting Login Service...
[[0;32m  OK  [0m] Started System Logging Service.
[[0;32m  OK  [0m] Started Permit User Sessions.
[[0;32m  OK  [0m] Started LXD - container startup/shutdown.
[[0;32m  OK  [0m] Started Login Service.
         Starting Authorization Manager...
         Starting Hold until boot process finishes up...
         Starting Terminate Plymouth Boot Screen...
[[0;32m  OK  [0m] Started Snappy daemon.
[[0;32m  OK  [0m] Started Hold until boot process finishes up.
[[0;32m  OK  [0m] Started LSB: automatic crash report generation.
[[0;32m  OK  [0m] Started Terminate Plymouth Boot Screen.
         Starting Set console scheme...
[[0;32m  OK  [0m] Started Serial Getty on ttyS0.
         Starting Wait until snapd is fully seeded...
[[0;32m  OK  [0m] Started Set console scheme.
[[0;32m  OK  [0m] Started Authorization Manager.
[[0;32m  OK  [0m] Started Accounts Service.
[[0;32m  OK  [0m] Created slice system-getty.slice.
[[0;32m  OK  [0m] Started Getty on tty1.
[[0;32m  OK  [0m] Reached target Login Prompts.
[[0;32m  OK  [0m] Started LSB: Record successful boot for GRUB.
[[0;32m  OK  [0m] Started Virtualbox guest utils.
[[0;32m  OK  [0m] Started Dispatcher daemon for systemd-networkd.
[[0;32m  OK  [0m] Started Pollinate to seed the pseudo random number generator.
         Starting OpenBSD Secure Shell server...
[[0;32m  OK  [0m] Started OpenBSD Secure Shell server.
[[0;32m  OK  [0m] Created slice User Slice of vagrant.
         Starting User Manager for UID 1000...
[[0;32m  OK  [0m] Started Session 1 of user vagrant.
[[0;32m  OK  [0m] Started User Manager for UID 1000.
[[0;32m  OK  [0m] Started Wait until snapd is fully seeded.
[[0;32m  OK  [0m] Reached target Multi-User System.
[[0;32m  OK  [0m] Reached target Graphical Interface.
         Starting Update UTMP about System Runlevel Changes...
         Starting Apply the settings specified in cloud-config...
[[0;32m  OK  [0m] Started Update UTMP about System Runlevel Changes.
[   25.069983] cloud-init[1199]: Cloud-init v. 18.4-0ubuntu1~18.04.1 running 'modules:config' at Fri, 09 Nov 2018 16:15:13 +0000. Up 24.62 seconds.
[[0;32m  OK  [0m] Started Apply the settings specified in cloud-config.
         Starting Execute cloud user/final scripts...
         Stopping User Manager for UID 1000...
[[0;32m  OK  [0m] Stopped User Manager for UID 1000.
[[0;32m  OK  [0m] Removed slice User Slice of vagrant.
ci-info: no authorized ssh keys fingerprints found for user ubuntu.
<14>Nov  9 16:15:14 ec2: 
<14>Nov  9 16:15:14 ec2: #############################################################
<14>Nov  9 16:15:14 ec2: -----BEGIN SSH HOST KEY FINGERPRINTS-----
<14>Nov  9 16:15:14 ec2: 1024 SHA256:D/jPDoOMi7um7+zinEJLXCi0Ar1lEMkKbi3wXTe5vfs root@ubuntu-bionic (DSA)
<14>Nov  9 16:15:14 ec2: 256 SHA256:8uNC1fq09bJT41AQlITxdsxDoYNSXUsQ5Q1JezfoLV4 root@ubuntu-bionic (ECDSA)
<14>Nov  9 16:15:14 ec2: 256 SHA256:xQayQ6Ee1AEgUJAf/+G6aiRMA9a+pkyXJlXWChlIxHI root@ubuntu-bionic (ED25519)
<14>Nov  9 16:15:14 ec2: 2048 SHA256:W3qMEu5TNloa9QIdG0Oh7C3K07GQew8KCiyqX/4QUJE root@ubuntu-bionic (RSA)
<14>Nov  9 16:15:14 ec2: -----END SSH HOST KEY FINGERPRINTS-----
<14>Nov  9 16:15:14 ec2: #############################################################
-----BEGIN SSH HOST KEY KEYS-----
ecdsa-sha2-nistp256 AAAAE2VjZHNhLXNoYTItbmlzdHAyNTYAAAAIbmlzdHAyNTYAAABBBOFN880nM91MuB57aTviu284hMCiTZsS2j+kV6WMvH410oEq/A6B46f2u17Kp4YD3v9pFN2N7inuyta1S0m58Dw= root@ubuntu-bionic
ssh-ed25519 AAAAC3NzaC1lZDI1NTE5AAAAICh+JaiUg6CH4FR+MXWKubfmPgdk9T3t92e/9XcUcrYR root@ubuntu-bionic
ssh-rsa AAAAB3NzaC1yc2EAAAADAQABAAABAQDz/2KNeTMAnZzIehNAEFdFhpVE6f98Mkp2tcRSK59PlRZnCM2VKQgUo3QUqhUvpTSmdnZ0MNRYQc0fslotth6NN5qRgFqxfbcoUgXWZdguuxMvRgjIA+9rPsnMSGSJlJHP99MB+30IkHYcl+NKBfc1EgqAU5uuHBPmK5cC0AI0Xd+nj7/Mwc7Jr2tPGfsr42hAIPmsMNAqj3aA0eSvdhPaDoJL3OmRJbjIhPJAb8tHozT+Dywq715GKtIqYdWCCJ1xLRtNKvI48S6Y2bDepb3ItOCex1EJVlaigpX8Bf8B+/tuZkpEmSGBTyuEk3djTk426Q0Sdl6KS/uDu8LCFS3z root@ubuntu-bionic
-----END SSH HOST KEY KEYS-----
[   25.899146] cloud-init[1338]: Cloud-init v. 18.4-0ubuntu1~18.04.1 running 'modules:final' at Fri, 09 Nov 2018 16:15:14 +0000. Up 25.67 seconds.
[   25.910085] cloud-init[1338]: ci-info: no authorized ssh keys fingerprints found for user ubuntu.
[   25.913617] cloud-init[1338]: Cloud-init v. 18.4-0ubuntu1~18.04.1 finished at Fri, 09 Nov 2018 16:15:14 +0000. Datasource DataSourceNoCloud [seed=/dev/sdb][dsmode=net].  Up 25.88 seconds
[[0;32m  OK  [0m] Started Execute cloud user/final scripts.
[[0;32m  OK  [0m] Created slice User Slice of vagrant.
[[0;32m  OK  [0m] Reached target Cloud-init target.

Ubuntu 18.04.1 LTS ubuntu-bionic ttyS0

ubuntu-bionic login: 